2023-08-06 01:23:02.602440 - Initialized conversion of CBT146
2023-08-06 01:23:03.072865 - Received CBT.V505.FILE146.PDS from FILE146.XMI 
2023-08-06 01:23:03.075530 - Found $$$#DATE.txt (text/plain) in CBT.V505.FILE146.PDS, moved to PDS/$$$#DATE
2023-08-06 01:23:03.076621 - Found $$$DOC.txt (text/plain) in CBT.V505.FILE146.PDS, moved to PDS/$$$DOC
2023-08-06 01:23:03.077585 - Found $$FILE01.txt (text/plain) in CBT.V505.FILE146.PDS, moved to PDS/$$FILE01
2023-08-06 01:23:03.078637 - Found $$FILE02.txt (text/plain) in CBT.V505.FILE146.PDS, moved to PDS/$$FILE02
2023-08-06 01:23:03.078647 - Found $$FILE04.bin containing application/octet-stream, moved to PDS/$$FILE04
2023-08-06 01:23:03.080672 - Found $INDEX.txt (text/plain) in CBT.V505.FILE146.PDS, moved to PDS/$INDEX
2023-08-06 01:23:03.081651 - Found #DUMMY.txt (text/plain) in CBT.V505.FILE146.PDS, moved to PDS/#DUMMY
2023-08-06 01:23:03.082574 - Found @FILE146.txt (text/plain) in CBT.V505.FILE146.PDS, moved to PDS/@FILE146
2023-08-06 01:23:03.083522 - Found IKTDYN.txt (text/plain) in CBT.V505.FILE146.PDS, moved to PDS/IKTDYN
2023-08-06 01:23:03.084519 - Found IKTGUP.txt (text/plain) in CBT.V505.FILE146.PDS, moved to PDS/IKTGUP
2023-08-06 01:23:03.085486 - Found IKTGUPHL.txt (text/plain) in CBT.V505.FILE146.PDS, moved to PDS/IKTGUPHL
2023-08-06 01:23:03.086432 - Found IKTKERAN.txt (text/plain) in CBT.V505.FILE146.PDS, moved to PDS/IKTKERAN
2023-08-06 01:23:03.087369 - Found IKTKERBW.txt (text/plain) in CBT.V505.FILE146.PDS, moved to PDS/IKTKERBW
2023-08-06 01:23:03.088324 - Found IKTKERDO.txt (text/plain) in CBT.V505.FILE146.PDS, moved to PDS/IKTKERDO
2023-08-06 01:23:03.089397 - Found IKTKERHL.txt (text/plain) in CBT.V505.FILE146.PDS, moved to PDS/IKTKERHL
2023-08-06 01:23:03.090297 - Found IKTKERIN.txt (text/plain) in CBT.V505.FILE146.PDS, moved to PDS/IKTKERIN
2023-08-06 01:23:03.091243 - Found IKTKERMS.txt (text/plain) in CBT.V505.FILE146.PDS, moved to PDS/IKTKERMS
2023-08-06 01:23:03.092281 - Found IKTKERUP.txt (text/plain) in CBT.V505.FILE146.PDS, moved to PDS/IKTKERUP
2023-08-06 01:23:03.093366 - Found IKTMAC.txt (text/plain) in CBT.V505.FILE146.PDS, moved to PDS/IKTMAC
2023-08-06 01:23:03.094431 - Found IKTUTL.txt (text/plain) in CBT.V505.FILE146.PDS, moved to PDS/IKTUTL
2023-08-06 01:23:03.095475 - Found IK0AAAHL.txt (text/plain) in CBT.V505.FILE146.PDS, moved to PDS/IK0AAAHL
2023-08-06 01:23:03.096503 - Found IK0CMD.txt (text/plain) in CBT.V505.FILE146.PDS, moved to PDS/IK0CMD
2023-08-06 01:23:03.097526 - Found IK0COM.txt (text/plain) in CBT.V505.FILE146.PDS, moved to PDS/IK0COM
2023-08-06 01:23:03.098527 - Found IK0CONHL.txt (text/plain) in CBT.V505.FILE146.PDS, moved to PDS/IK0CONHL
2023-08-06 01:23:03.099553 - Found IK0DEF.txt (text/plain) in CBT.V505.FILE146.PDS, moved to PDS/IK0DEF
2023-08-06 01:23:03.100488 - Found IK0DOC.txt (text/plain) in CBT.V505.FILE146.PDS, moved to PDS/IK0DOC
2023-08-06 01:23:03.101510 - Found IK0GUP.txt (text/plain) in CBT.V505.FILE146.PDS, moved to PDS/IK0GUP
2023-08-06 01:23:03.102450 - Found IK0IKTBA.txt (text/plain) in CBT.V505.FILE146.PDS, moved to PDS/IK0IKTBA
2023-08-06 01:23:03.103474 - Found IK0KERBW.txt (text/plain) in CBT.V505.FILE146.PDS, moved to PDS/IK0KERBW
2023-08-06 01:23:03.104515 - Found IK0KERDO.txt (text/plain) in CBT.V505.FILE146.PDS, moved to PDS/IK0KERDO
2023-08-06 01:23:03.105520 - Found IK0KERMS.txt (text/plain) in CBT.V505.FILE146.PDS, moved to PDS/IK0KERMS
2023-08-06 01:23:03.106666 - Found IK0KERPS.txt (text/plain) in CBT.V505.FILE146.PDS, moved to PDS/IK0KERPS
2023-08-06 01:23:03.107627 - Found IK0KERUP.txt (text/plain) in CBT.V505.FILE146.PDS, moved to PDS/IK0KERUP
2023-08-06 01:23:03.108561 - Found IK0MAC.txt (text/plain) in CBT.V505.FILE146.PDS, moved to PDS/IK0MAC
2023-08-06 01:23:03.109490 - Found IK0MAI.txt (text/plain) in CBT.V505.FILE146.PDS, moved to PDS/IK0MAI
2023-08-06 01:23:03.110538 - Found IK0PRO.txt (text/plain) in CBT.V505.FILE146.PDS, moved to PDS/IK0PRO
